<?xml version="1.0" encoding="UTF-8"?>
<!-- Generated by org.testng.reporters.JUnitReportReporter -->
<testsuite hostname="BINTERNS-QA5L" failures="0" tests="1" name="annotation_demo.class4" time="0.014" errors="0" timestamp="2023-03-06T11:40:06 IST" skipped="0">
  <testcase classname="annotation_demo.class4" name="abc" time="0.014"/>
  <system-out/>
</testsuite> <!-- annotation_demo.class4 -->
