<?xml version="1.0" encoding="UTF-8"?>
<!-- Generated by org.testng.reporters.JUnitReportReporter -->
<testsuite hostname="BINTERNS-QA5L" failures="0" tests="1" name="annotation_demo_Pack.test11" time="0.009" errors="0" timestamp="2023-03-06T18:42:17 IST" skipped="0">
  <testcase classname="annotation_demo_Pack.test11" name="abc" time="0.009"/>
  <system-out/>
</testsuite> <!-- annotation_demo_Pack.test11 -->
