<?xml version="1.0" encoding="UTF-8"?>
<!-- Generated by org.testng.reporters.JUnitReportReporter -->
<testsuite hostname="BINTERNS-QA5L" failures="0" tests="3" name="Maven_Demo.facbookExamp" time="2.378" errors="0" timestamp="2023-03-07T19:09:58 IST" skipped="0">
  <testcase classname="Maven_Demo.facbookExamp" name="testURL" time="2.274"/>
  <system-out/>
  <testcase classname="Maven_Demo.facbookExamp" name="login" time="0.020"/>
  <system-out/>
  <testcase classname="Maven_Demo.facbookExamp" name="check" time="0.084"/>
  <system-out/>
</testsuite> <!-- Maven_Demo.facbookExamp -->
