<?xml version="1.0" encoding="UTF-8"?>
<!-- Generated by org.testng.reporters.JUnitReportReporter -->
<testsuite hostname="BINTERNS-QA5L" failures="0" tests="1" name="TestNG_Demo.TestNG1" time="0.007" errors="0" timestamp="2023-03-09T10:50:34 IST" skipped="0">
  <testcase classname="TestNG_Demo.TestNG1" name="myTestCaseWithPriority" time="0.007"/>
  <system-out/>
</testsuite> <!-- TestNG_Demo.TestNG1 -->
