<?xml version="1.0" encoding="UTF-8"?>
<!-- Generated by org.testng.reporters.JUnitReportReporter -->
<testsuite hostname="BINTERNS-QA5L" failures="0" tests="2" name="annotation_demo.AnnotationCommands$AfterBeforeClass" time="0.008" errors="0" timestamp="2023-03-06T11:49:38 IST" skipped="0">
  <testcase classname="annotation_demo.AnnotationCommands$AfterBeforeClass" name="Search" time="0.007"/>
  <system-out/>
  <testcase classname="annotation_demo.AnnotationCommands$AfterBeforeClass" name="AdvanSearch" time="0.001"/>
  <system-out/>
</testsuite> <!-- annotation_demo.AnnotationCommands$AfterBeforeClass -->
