<?xml version="1.0" encoding="UTF-8"?>
<!-- Generated by org.testng.reporters.JUnitReportReporter -->
<testsuite hostname="BINTERNS-QA5L" failures="0" tests="1" name="annotation_demo_Pack.test22" time="0.002" errors="0" timestamp="2023-03-06T11:49:14 IST" skipped="0">
  <testcase classname="annotation_demo_Pack.test22" name="xyz" time="0.002"/>
  <system-out/>
</testsuite> <!-- annotation_demo_Pack.test22 -->
