<?xml version="1.0" encoding="UTF-8"?>
<!-- Generated by org.testng.reporters.JUnitReportReporter -->
<testsuite hostname="BINTERNS-QA5L" failures="0" tests="3" name="annotation_demo.test1" time="0.016" errors="0" timestamp="2023-03-06T10:43:33 IST" skipped="0">
  <testcase classname="annotation_demo.test1" name="Search" time="0.009"/>
  <system-out/>
  <testcase classname="annotation_demo.test1" name="close" time="0.006"/>
  <system-out/>
  <testcase classname="annotation_demo.test1" name="AdvanSearch" time="0.001"/>
  <system-out/>
</testsuite> <!-- annotation_demo.test1 -->
