<?xml version="1.0" encoding="UTF-8"?>
<!-- Generated by org.testng.reporters.JUnitReportReporter -->
<testsuite hostname="BINTERNS-QA5L" failures="0" tests="10" name="annotation_demo.invocationCountDemo" time="0.026" errors="0" timestamp="2023-03-07T10:20:57 IST" skipped="0">
  <testcase classname="annotation_demo.invocationCountDemo" name="meth" time="0.002"/>
  <system-out/>
  <testcase classname="annotation_demo.invocationCountDemo" name="meth" time="0.001"/>
  <system-out/>
  <testcase classname="annotation_demo.invocationCountDemo" name="meth" time="0.012"/>
  <system-out/>
  <testcase classname="annotation_demo.invocationCountDemo" name="meth" time="0.001"/>
  <system-out/>
  <testcase classname="annotation_demo.invocationCountDemo" name="meth" time="0.001"/>
  <system-out/>
  <testcase classname="annotation_demo.invocationCountDemo" name="meth" time="0.002"/>
  <system-out/>
  <testcase classname="annotation_demo.invocationCountDemo" name="meth" time="0.002"/>
  <system-out/>
  <testcase classname="annotation_demo.invocationCountDemo" name="meth" time="0.001"/>
  <system-out/>
  <testcase classname="annotation_demo.invocationCountDemo" name="meth" time="0.002"/>
  <system-out/>
  <testcase classname="annotation_demo.invocationCountDemo" name="meth" time="0.002"/>
  <system-out/>
</testsuite> <!-- annotation_demo.invocationCountDemo -->
