<?xml version="1.0" encoding="UTF-8"?>
<!-- Generated by org.testng.reporters.JUnitReportReporter -->
<testsuite hostname="BINTERNS-QA5L" failures="0" tests="3" name="TestNG_Demo.groupingTest$test_demo" time="10.150" errors="0" timestamp="2023-03-07T16:28:09 IST" skipped="0">
  <testcase classname="TestNG_Demo.groupingTest$test_demo" name="loginByEmail" time="10.149"/>
  <system-out/>
  <testcase classname="TestNG_Demo.groupingTest$test_demo" name="loginByFacebook" time="0.000"/>
  <system-out/>
  <testcase classname="TestNG_Demo.groupingTest$test_demo" name="loginByTwitter" time="0.001"/>
  <system-out/>
</testsuite> <!-- TestNG_Demo.groupingTest$test_demo -->
